# JRE version: Java(TM) SE Runtime Environment (8.0_231-b11) (build 1.8.0_231-b11)
# Java VM: Java HotSpot(TM) 64-Bit Server VM (25.231-b11 mixed mode linux-amd64 compressed oops)
Heap:
 garbage-first heap   total 348160K, used 71321K [0x00000000c0000000, 0x00000000c0100aa0, 0x0000000100000000)
  region size 1024K, 11 young (11264K), 11 survivors (11264K)
 Metaspace       used 45933K, capacity 48894K, committed 49152K, reserved 1093632K
  class space    used 4925K, capacity 5806K, committed 5888K, reserved 1048576K
GC Heap History (10 events):
Event: 16.250 GC heap after
Heap after GC invocations=53 (full 0):
 garbage-first heap   total 65536K, used 29954K [0x00000000c0000000, 0x00000000c0100200, 0x0000000100000000)
  region size 1024K, 3 young (3072K), 3 survivors (3072K)
 Metaspace       used 42935K, capacity 45806K, committed 46080K, reserved 1089536K
  class space    used 4665K, capacity 5531K, committed 5632K, reserved 1048576K
}
Event: 16.335 GC heap before
{Heap before GC invocations=53 (full 0):
 garbage-first heap   total 65536K, used 41218K [0x00000000c0000000, 0x00000000c0100200, 0x0000000100000000)
  region size 1024K, 15 young (15360K), 3 survivors (3072K)
 Metaspace       used 43249K, capacity 46062K, committed 46336K, reserved 1089536K
  class space    used 4676K, capacity 5531K, committed 5632K, reserved 1048576K
Event: 16.357 GC heap after
Heap after GC invocations=54 (full 0):
 garbage-first heap   total 65536K, used 29442K [0x00000000c0000000, 0x00000000c0100200, 0x0000000100000000)
  region size 1024K, 2 young (2048K), 2 survivors (2048K)
 Metaspace       used 43249K, capacity 46062K, committed 46336K, reserved 1089536K
  class space    used 4676K, capacity 5531K, committed 5632K, reserved 1048576K
}
Event: 16.600 GC heap before
{Heap before GC invocations=54 (full 0):
 garbage-first heap   total 65536K, used 56364K [0x00000000c0000000, 0x00000000c0100200, 0x0000000100000000)
  region size 1024K, 27 young (27648K), 2 survivors (2048K)
 Metaspace       used 43880K, capacity 46766K, committed 46848K, reserved 1091584K
  class space    used 4753K, capacity 5595K, committed 5632K, reserved 1048576K
Event: 16.611 GC heap after
Heap after GC invocations=55 (full 0):
 garbage-first heap   total 65536K, used 31276K [0x00000000c0000000, 0x00000000c0100200, 0x0000000100000000)
  region size 1024K, 3 young (3072K), 3 survivors (3072K)
 Metaspace       used 43880K, capacity 46766K, committed 46848K, reserved 1091584K
  class space    used 4753K, capacity 5595K, committed 5632K, reserved 1048576K
}
Event: 16.848 GC heap before
{Heap before GC invocations=56 (full 0):
 garbage-first heap   total 73728K, used 68465K [0x00000000c0000000, 0x00000000c0100240, 0x0000000100000000)
  region size 1024K, 25 young (25600K), 3 survivors (3072K)
 Metaspace       used 44072K, capacity 46932K, committed 47104K, reserved 1091584K
  class space    used 4768K, capacity 5628K, committed 5632K, reserved 1048576K
Event: 16.881 GC heap after
Heap after GC invocations=57 (full 0):
 garbage-first heap   total 75776K, used 38424K [0x00000000c0000000, 0x00000000c0100250, 0x0000000100000000)
  region size 1024K, 2 young (2048K), 2 survivors (2048K)
 Metaspace       used 44072K, capacity 46932K, committed 47104K, reserved 1091584K
  class space    used 4768K, capacity 5628K, committed 5632K, reserved 1048576K
}
Event: 16.975 GC heap before
{Heap before GC invocations=57 (full 0):
 garbage-first heap   total 75776K, used 44568K [0x00000000c0000000, 0x00000000c0100250, 0x0000000100000000)
  region size 1024K, 9 young (9216K), 2 survivors (2048K)
 Metaspace       used 44106K, capacity 46946K, committed 47104K, reserved 1091584K
  class space    used 4770K, capacity 5629K, committed 5632K, reserved 1048576K
Event: 16.996 GC heap after
Heap after GC invocations=58 (full 0):
 garbage-first heap   total 151552K, used 38424K [0x00000000c0000000, 0x00000000c01004a0, 0x0000000100000000)
  region size 1024K, 2 young (2048K), 2 survivors (2048K)
 Metaspace       used 44106K, capacity 46946K, committed 47104K, reserved 1091584K
  class space    used 4770K, capacity 5629K, committed 5632K, reserved 1048576K
}
Event: 17.910 GC heap before
{Heap before GC invocations=59 (full 0):
 garbage-first heap   total 151552K, used 148212K [0x00000000c0000000, 0x00000000c01004a0, 0x0000000100000000)
  region size 1024K, 62 young (63488K), 2 survivors (2048K)
 Metaspace       used 45933K, capacity 48894K, committed 49152K, reserved 1093632K
  class space    used 4925K, capacity 5806K, committed 5888K, reserved 1048576K

