# JRE version: Java(TM) SE Runtime Environment (8.0_231-b11) (build 1.8.0_231-b11)
# Java VM: Java HotSpot(TM) 64-Bit Server VM (25.231-b11 mixed mode linux-amd64 compressed oops)
Heap:
 garbage-first heap   total 262144K, used 20479K [0x00000000c0000000, 0x00000000c0100800, 0x0000000100000000)
  region size 1024K, 6 young (6144K), 6 survivors (6144K)
 Metaspace       used 32926K, capacity 35110K, committed 35328K, reserved 1081344K
  class space    used 3608K, capacity 4273K, committed 4352K, reserved 1048576K
GC Heap History (10 events):
Event: 12.919 GC heap after
Heap after GC invocations=44 (full 0):
 garbage-first heap   total 32768K, used 18944K [0x00000000c0000000, 0x00000000c0100100, 0x0000000100000000)
  region size 1024K, 1 young (1024K), 1 survivors (1024K)
 Metaspace       used 27870K, capacity 29528K, committed 29696K, reserved 1075200K
  class space    used 3011K, capacity 3526K, committed 3584K, reserved 1048576K
}
Event: 12.931 GC heap before
{Heap before GC invocations=44 (full 0):
 garbage-first heap   total 32768K, used 19968K [0x00000000c0000000, 0x00000000c0100100, 0x0000000100000000)
  region size 1024K, 2 young (2048K), 1 survivors (1024K)
 Metaspace       used 27909K, capacity 29558K, committed 29696K, reserved 1075200K
  class space    used 3016K, capacity 3531K, committed 3584K, reserved 1048576K
Event: 12.947 GC heap after
Heap after GC invocations=45 (full 0):
 garbage-first heap   total 32768K, used 16109K [0x00000000c0000000, 0x00000000c0100100, 0x0000000100000000)
  region size 1024K, 1 young (1024K), 1 survivors (1024K)
 Metaspace       used 27909K, capacity 29558K, committed 29696K, reserved 1075200K
  class space    used 3016K, capacity 3531K, committed 3584K, reserved 1048576K
}
Event: 12.965 GC heap before
{Heap before GC invocations=45 (full 0):
 garbage-first heap   total 32768K, used 17133K [0x00000000c0000000, 0x00000000c0100100, 0x0000000100000000)
  region size 1024K, 2 young (2048K), 1 survivors (1024K)
 Metaspace       used 27960K, capacity 29652K, committed 29952K, reserved 1075200K
  class space    used 3022K, capacity 3535K, committed 3584K, reserved 1048576K
Event: 12.996 GC heap after
Heap after GC invocations=46 (full 0):
 garbage-first heap   total 32768K, used 14971K [0x00000000c0000000, 0x00000000c0100100, 0x0000000100000000)
  region size 1024K, 1 young (1024K), 1 survivors (1024K)
 Metaspace       used 27960K, capacity 29652K, committed 29952K, reserved 1075200K
  class space    used 3022K, capacity 3535K, committed 3584K, reserved 1048576K
}
Event: 13.081 GC heap before
{Heap before GC invocations=46 (full 0):
 garbage-first heap   total 32768K, used 27259K [0x00000000c0000000, 0x00000000c0100100, 0x0000000100000000)
  region size 1024K, 13 young (13312K), 1 survivors (1024K)
 Metaspace       used 28516K, capacity 30180K, committed 30336K, reserved 1075200K
  class space    used 3085K, capacity 3607K, committed 3712K, reserved 1048576K
Event: 13.099 GC heap after
Heap after GC invocations=47 (full 0):
 garbage-first heap   total 65536K, used 15610K [0x00000000c0000000, 0x00000000c0100200, 0x0000000100000000)
  region size 1024K, 2 young (2048K), 2 survivors (2048K)
 Metaspace       used 28516K, capacity 30180K, committed 30336K, reserved 1075200K
  class space    used 3085K, capacity 3607K, committed 3712K, reserved 1048576K
}
Event: 13.525 GC heap before
{Heap before GC invocations=47 (full 0):
 garbage-first heap   total 65536K, used 52474K [0x00000000c0000000, 0x00000000c0100200, 0x0000000100000000)
  region size 1024K, 38 young (38912K), 2 survivors (2048K)
 Metaspace       used 30185K, capacity 32160K, committed 32384K, reserved 1077248K
  class space    used 3278K, capacity 3919K, committed 3968K, reserved 1048576K
Event: 13.534 GC heap after
Heap after GC invocations=48 (full 0):
 garbage-first heap   total 131072K, used 16895K [0x00000000c0000000, 0x00000000c0100400, 0x0000000100000000)
  region size 1024K, 3 young (3072K), 3 survivors (3072K)
 Metaspace       used 30185K, capacity 32160K, committed 32384K, reserved 1077248K
  class space    used 3278K, capacity 3919K, committed 3968K, reserved 1048576K
}
Event: 14.339 GC heap before
{Heap before GC invocations=48 (full 0):
 garbage-first heap   total 131072K, used 91647K [0x00000000c0000000, 0x00000000c0100400, 0x0000000100000000)
  region size 1024K, 76 young (77824K), 3 survivors (3072K)
 Metaspace       used 32926K, capacity 35110K, committed 35328K, reserved 1081344K
  class space    used 3608K, capacity 4273K, committed 4352K, reserved 1048576K

