# JRE version: Java(TM) SE Runtime Environment (8.0_231-b11) (build 1.8.0_231-b11)
# Java VM: Java HotSpot(TM) 64-Bit Server VM (25.231-b11 mixed mode linux-amd64 compressed oops)
Heap:
 garbage-first heap   total 262144K, used 45568K [0x00000000c0000000, 0x00000000c0100800, 0x0000000100000000)
  region size 1024K, 7 young (7168K), 7 survivors (7168K)
 Metaspace       used 50171K, capacity 53034K, committed 53224K, reserved 1095680K
  class space    used 5194K, capacity 6081K, committed 6144K, reserved 1048576K
GC Heap History (10 events):
Event: 17.277 GC heap after
Heap after GC invocations=67 (full 0):
 garbage-first heap   total 65536K, used 39098K [0x00000000c0000000, 0x00000000c0100200, 0x0000000100000000)
  region size 1024K, 3 young (3072K), 3 survivors (3072K)
 Metaspace       used 48933K, capacity 51522K, committed 51816K, reserved 1095680K
  class space    used 5095K, capacity 5973K, committed 6016K, reserved 1048576K
}
Event: 17.299 GC heap before
{Heap before GC invocations=67 (full 0):
 garbage-first heap   total 65536K, used 40122K [0x00000000c0000000, 0x00000000c0100200, 0x0000000100000000)
  region size 1024K, 4 young (4096K), 3 survivors (3072K)
 Metaspace       used 48935K, capacity 51522K, committed 51816K, reserved 1095680K
  class space    used 5095K, capacity 5973K, committed 6016K, reserved 1048576K
Event: 17.320 GC heap after
Heap after GC invocations=68 (full 0):
 garbage-first heap   total 65536K, used 33280K [0x00000000c0000000, 0x00000000c0100200, 0x0000000100000000)
  region size 1024K, 1 young (1024K), 1 survivors (1024K)
 Metaspace       used 48935K, capacity 51522K, committed 51816K, reserved 1095680K
  class space    used 5095K, capacity 5973K, committed 6016K, reserved 1048576K
}
Event: 17.618 GC heap before
{Heap before GC invocations=68 (full 0):
 garbage-first heap   total 65536K, used 54784K [0x00000000c0000000, 0x00000000c0100200, 0x0000000100000000)
  region size 1024K, 22 young (22528K), 1 survivors (1024K)
 Metaspace       used 49061K, capacity 51662K, committed 51816K, reserved 1095680K
  class space    used 5100K, capacity 5975K, committed 6016K, reserved 1048576K
Event: 17.639 GC heap after
Heap after GC invocations=69 (full 0):
 garbage-first heap   total 65536K, used 35840K [0x00000000c0000000, 0x00000000c0100200, 0x0000000100000000)
  region size 1024K, 3 young (3072K), 3 survivors (3072K)
 Metaspace       used 49061K, capacity 51662K, committed 51816K, reserved 1095680K
  class space    used 5100K, capacity 5975K, committed 6016K, reserved 1048576K
}
Event: 17.931 GC heap before
{Heap before GC invocations=69 (full 0):
 garbage-first heap   total 65536K, used 54272K [0x00000000c0000000, 0x00000000c0100200, 0x0000000100000000)
  region size 1024K, 21 young (21504K), 3 survivors (3072K)
 Metaspace       used 49140K, capacity 51732K, committed 52072K, reserved 1095680K
  class space    used 5101K, capacity 5976K, committed 6016K, reserved 1048576K
Event: 17.972 GC heap after
Heap after GC invocations=70 (full 0):
 garbage-first heap   total 65536K, used 39424K [0x00000000c0000000, 0x00000000c0100200, 0x0000000100000000)
  region size 1024K, 3 young (3072K), 3 survivors (3072K)
 Metaspace       used 49140K, capacity 51732K, committed 52072K, reserved 1095680K
  class space    used 5101K, capacity 5976K, committed 6016K, reserved 1048576K
}
Event: 18.373 GC heap before
{Heap before GC invocations=71 (full 0):
 garbage-first heap   total 65536K, used 54784K [0x00000000c0000000, 0x00000000c0100200, 0x0000000100000000)
  region size 1024K, 18 young (18432K), 3 survivors (3072K)
 Metaspace       used 49297K, capacity 52064K, committed 52328K, reserved 1095680K
  class space    used 5102K, capacity 5978K, committed 6016K, reserved 1048576K
Event: 18.399 GC heap after
Heap after GC invocations=72 (full 0):
 garbage-first heap   total 131072K, used 41472K [0x00000000c0000000, 0x00000000c0100400, 0x0000000100000000)
  region size 1024K, 3 young (3072K), 3 survivors (3072K)
 Metaspace       used 49297K, capacity 52064K, committed 52328K, reserved 1095680K
  class space    used 5102K, capacity 5978K, committed 6016K, reserved 1048576K
}
Event: 19.383 GC heap before
{Heap before GC invocations=72 (full 0):
 garbage-first heap   total 131072K, used 101888K [0x00000000c0000000, 0x00000000c0100400, 0x0000000100000000)
  region size 1024K, 62 young (63488K), 3 survivors (3072K)
 Metaspace       used 50171K, capacity 53034K, committed 53224K, reserved 1095680K
  class space    used 5194K, capacity 6081K, committed 6144K, reserved 1048576K

