# JRE version: Java(TM) SE Runtime Environment (8.0_231-b11) (build 1.8.0_231-b11)
# Java VM: Java HotSpot(TM) 64-Bit Server VM (25.231-b11 mixed mode linux-amd64 compressed oops)
Heap:
 garbage-first heap   total 215040K, used 75052K [0x00000000c0000000, 0x00000000c0100690, 0x0000000100000000)
  region size 1024K, 1 young (1024K), 1 survivors (1024K)
 Metaspace       used 51205K, capacity 54182K, committed 54272K, reserved 1097728K
  class space    used 5428K, capacity 6330K, committed 6400K, reserved 1048576K
GC Heap History (10 events):
Event: 22.979 GC heap after
Heap after GC invocations=72 (full 0):
 garbage-first heap   total 76800K, used 46533K [0x00000000c0000000, 0x00000000c0100258, 0x0000000100000000)
  region size 1024K, 3 young (3072K), 3 survivors (3072K)
 Metaspace       used 50642K, capacity 53562K, committed 53632K, reserved 1097728K
  class space    used 5362K, capacity 6232K, committed 6272K, reserved 1048576K
}
Event: 23.004 GC heap before
{Heap before GC invocations=72 (full 0):
 garbage-first heap   total 76800K, used 62877K [0x00000000c0000000, 0x00000000c0100258, 0x0000000100000000)
  region size 1024K, 4 young (4096K), 3 survivors (3072K)
 Metaspace       used 50661K, capacity 53594K, committed 53632K, reserved 1097728K
  class space    used 5365K, capacity 6264K, committed 6272K, reserved 1048576K
Event: 23.041 GC heap after
Heap after GC invocations=73 (full 0):
 garbage-first heap   total 76800K, used 55913K [0x00000000c0000000, 0x00000000c0100258, 0x0000000100000000)
  region size 1024K, 1 young (1024K), 1 survivors (1024K)
 Metaspace       used 50661K, capacity 53594K, committed 53632K, reserved 1097728K
  class space    used 5365K, capacity 6264K, committed 6272K, reserved 1048576K
}
Event: 23.103 GC heap before
{Heap before GC invocations=73 (full 0):
 garbage-first heap   total 76800K, used 57961K [0x00000000c0000000, 0x00000000c0100258, 0x0000000100000000)
  region size 1024K, 4 young (4096K), 1 survivors (1024K)
 Metaspace       used 50749K, capacity 53658K, committed 53888K, reserved 1097728K
  class space    used 5375K, capacity 6264K, committed 6272K, reserved 1048576K
Event: 23.137 GC heap after
Heap after GC invocations=74 (full 0):
 garbage-first heap   total 76800K, used 48765K [0x00000000c0000000, 0x00000000c0100258, 0x0000000100000000)
  region size 1024K, 2 young (2048K), 2 survivors (2048K)
 Metaspace       used 50749K, capacity 53658K, committed 53888K, reserved 1097728K
  class space    used 5375K, capacity 6264K, committed 6272K, reserved 1048576K
}
Event: 23.529 GC heap before
{Heap before GC invocations=74 (full 0):
 garbage-first heap   total 99328K, used 95105K [0x00000000c0000000, 0x00000000c0100308, 0x0000000100000000)
  region size 1024K, 15 young (15360K), 2 survivors (2048K)
 Metaspace       used 51103K, capacity 54010K, committed 54272K, reserved 1097728K
  class space    used 5412K, capacity 6296K, committed 6400K, reserved 1048576K
Event: 23.582 GC heap after
Heap after GC invocations=75 (full 0):
 garbage-first heap   total 101376K, used 55555K [0x00000000c0000000, 0x00000000c0100318, 0x0000000100000000)
  region size 1024K, 2 young (2048K), 2 survivors (2048K)
 Metaspace       used 51103K, capacity 54010K, committed 54272K, reserved 1097728K
  class space    used 5412K, capacity 6296K, committed 6400K, reserved 1048576K
}
Event: 24.683 GC heap before
{Heap before GC invocations=76 (full 0):
 garbage-first heap   total 101376K, used 85251K [0x00000000c0000000, 0x00000000c0100318, 0x0000000100000000)
  region size 1024K, 31 young (31744K), 2 survivors (2048K)
 Metaspace       used 51205K, capacity 54182K, committed 54272K, reserved 1097728K
  class space    used 5428K, capacity 6330K, committed 6400K, reserved 1048576K
Event: 32.963 GC heap after
Heap after GC invocations=77 (full 0):
 garbage-first heap   total 107520K, used 74028K [0x00000000c0000000, 0x00000000c0100348, 0x0000000100000000)
  region size 1024K, 4 young (4096K), 4 survivors (4096K)
 Metaspace       used 51205K, capacity 54182K, committed 54272K, reserved 1097728K
  class space    used 5428K, capacity 6330K, committed 6400K, reserved 1048576K
}
Event: 44.957 GC heap before
{Heap before GC invocations=77 (full 0):
 garbage-first heap   total 107520K, used 75052K [0x00000000c0000000, 0x00000000c0100348, 0x0000000100000000)
  region size 1024K, 5 young (5120K), 4 survivors (4096K)
 Metaspace       used 51205K, capacity 54182K, committed 54272K, reserved 1097728K
  class space    used 5428K, capacity 6330K, committed 6400K, reserved 1048576K

