# JRE version: Java(TM) SE Runtime Environment (8.0_231-b11) (build 1.8.0_231-b11)
# Java VM: Java HotSpot(TM) 64-Bit Server VM (25.231-b11 mixed mode linux-amd64 compressed oops)
Heap:
 garbage-first heap   total 559104K, used 133634K [0x00000000c0000000, 0x00000000c0101110, 0x0000000100000000)
  region size 1024K, 10 young (10240K), 10 survivors (10240K)
 Metaspace       used 69067K, capacity 72564K, committed 72908K, reserved 1114112K
  class space    used 6712K, capacity 7742K, committed 7884K, reserved 1048576K
GC Heap History (10 events):
Event: 7832.698 GC heap after
Heap after GC invocations=106 (full 0):
 garbage-first heap   total 282624K, used 124417K [0x00000000c0000000, 0x00000000c01008a0, 0x0000000100000000)
  region size 1024K, 6 young (6144K), 6 survivors (6144K)
 Metaspace       used 69066K, capacity 72564K, committed 72908K, reserved 1114112K
  class space    used 6712K, capacity 7742K, committed 7884K, reserved 1048576K
}
Event: 7833.790 GC heap before
{Heap before GC invocations=107 (full 0):
 garbage-first heap   total 282624K, used 213012K [0x00000000c0000000, 0x00000000c01008a0, 0x0000000100000000)
  region size 1024K, 83 young (84992K), 6 survivors (6144K)
 Metaspace       used 69066K, capacity 72564K, committed 72908K, reserved 1114112K
  class space    used 6712K, capacity 7742K, committed 7884K, reserved 1048576K
Event: 7833.845 GC heap after
Heap after GC invocations=108 (full 0):
 garbage-first heap   total 282624K, used 130469K [0x00000000c0000000, 0x00000000c01008a0, 0x0000000100000000)
  region size 1024K, 11 young (11264K), 11 survivors (11264K)
 Metaspace       used 69066K, capacity 72564K, committed 72908K, reserved 1114112K
  class space    used 6712K, capacity 7742K, committed 7884K, reserved 1048576K
}
Event: 7833.889 GC heap before
{Heap before GC invocations=108 (full 0):
 garbage-first heap   total 282624K, used 132517K [0x00000000c0000000, 0x00000000c01008a0, 0x0000000100000000)
  region size 1024K, 13 young (13312K), 11 survivors (11264K)
 Metaspace       used 69066K, capacity 72564K, committed 72908K, reserved 1114112K
  class space    used 6712K, capacity 7742K, committed 7884K, reserved 1048576K
Event: 7833.962 GC heap after
Heap after GC invocations=109 (full 0):
 garbage-first heap   total 282624K, used 123185K [0x00000000c0000000, 0x00000000c01008a0, 0x0000000100000000)
  region size 1024K, 1 young (1024K), 1 survivors (1024K)
 Metaspace       used 69066K, capacity 72564K, committed 72908K, reserved 1114112K
  class space    used 6712K, capacity 7742K, committed 7884K, reserved 1048576K
}
Event: 7834.109 GC heap before
{Heap before GC invocations=109 (full 0):
 garbage-first heap   total 282624K, used 136499K [0x00000000c0000000, 0x00000000c01008a0, 0x0000000100000000)
  region size 1024K, 13 young (13312K), 1 survivors (1024K)
 Metaspace       used 69066K, capacity 72564K, committed 72908K, reserved 1114112K
  class space    used 6712K, capacity 7742K, committed 7884K, reserved 1048576K
Event: 7834.217 GC heap after
Heap after GC invocations=110 (full 0):
 garbage-first heap   total 282624K, used 124418K [0x00000000c0000000, 0x00000000c01008a0, 0x0000000100000000)
  region size 1024K, 2 young (2048K), 2 survivors (2048K)
 Metaspace       used 69066K, capacity 72564K, committed 72908K, reserved 1114112K
  class space    used 6712K, capacity 7742K, committed 7884K, reserved 1048576K
}
Event: 7834.284 GC heap before
{Heap before GC invocations=110 (full 0):
 garbage-first heap   total 282624K, used 136708K [0x00000000c0000000, 0x00000000c01008a0, 0x0000000100000000)
  region size 1024K, 13 young (13312K), 2 survivors (2048K)
 Metaspace       used 69066K, capacity 72564K, committed 72908K, reserved 1114112K
  class space    used 6712K, capacity 7742K, committed 7884K, reserved 1048576K
Event: 7834.357 GC heap after
Heap after GC invocations=111 (full 0):
 garbage-first heap   total 436224K, used 125954K [0x00000000c0000000, 0x00000000c0100d50, 0x0000000100000000)
  region size 1024K, 2 young (2048K), 2 survivors (2048K)
 Metaspace       used 69066K, capacity 72564K, committed 72908K, reserved 1114112K
  class space    used 6712K, capacity 7742K, committed 7884K, reserved 1048576K
}
Event: 7835.491 GC heap before
{Heap before GC invocations=111 (full 0):
 garbage-first heap   total 436224K, used 229399K [0x00000000c0000000, 0x00000000c0100d50, 0x0000000100000000)
  region size 1024K, 92 young (94208K), 2 survivors (2048K)
 Metaspace       used 69067K, capacity 72564K, committed 72908K, reserved 1114112K
  class space    used 6712K, capacity 7742K, committed 7884K, reserved 1048576K

