# JRE version: Java(TM) SE Runtime Environment (8.0_231-b11) (build 1.8.0_231-b11)
# Java VM: Java HotSpot(TM) 64-Bit Server VM (25.231-b11 mixed mode linux-amd64 compressed oops)
Heap:
 def new generation   total 53440K, used 5779K [0x00000000e0a00000, 0x00000000e43f0000, 0x00000000eb150000)
  eden space 47552K,  12% used [0x00000000e0a00000, 0x00000000e0fa4d30, 0x00000000e3870000)
  from space 5888K,   0% used [0x00000000e3870000, 0x00000000e3870000, 0x00000000e3e30000)
  to   space 5888K,   0% used [0x00000000e3e30000, 0x00000000e3e30000, 0x00000000e43f0000)
 tenured generation   total 160056K, used 160052K [0x00000000eb150000, 0x00000000f4d9e000, 0x0000000100000000)
   the space 160056K,  99% used [0x00000000eb150000, 0x00000000f4d9d388, 0x00000000f4d9d400, 0x00000000f4d9e000)
 Metaspace       used 61931K, capacity 64215K, committed 64296K, reserved 1103872K
  class space    used 8536K, capacity 8967K, committed 9008K, reserved 1048576K
GC Heap History (10 events):
Event: 17.162 GC heap after
Heap after GC invocations=89 (full 3):
 def new generation   total 16704K, used 826K [0x00000000e0a00000, 0x00000000e1c20000, 0x00000000eb150000)
  eden space 14848K,   0% used [0x00000000e0a00000, 0x00000000e0a00000, 0x00000000e1880000)
  from space 1856K,  44% used [0x00000000e1a50000, 0x00000000e1b1e940, 0x00000000e1c20000)
  to   space 1856K,   0% used [0x00000000e1880000, 0x00000000e1880000, 0x00000000e1a50000)
 tenured generation   total 37020K, used 34256K [0x00000000eb150000, 0x00000000ed577000, 0x0000000100000000)
   the space 37020K,  92% used [0x00000000eb150000, 0x00000000ed2c4230, 0x00000000ed2c4400, 0x00000000ed577000)
 Metaspace       used 61926K, capacity 64215K, committed 64296K, reserved 1103872K
  class space    used 8536K, capacity 8967K, committed 9008K, reserved 1048576K
}
Event: 17.211 GC heap before
{Heap before GC invocations=89 (full 3):
 def new generation   total 16704K, used 15674K [0x00000000e0a00000, 0x00000000e1c20000, 0x00000000eb150000)
  eden space 14848K, 100% used [0x00000000e0a00000, 0x00000000e1880000, 0x00000000e1880000)
  from space 1856K,  44% used [0x00000000e1a50000, 0x00000000e1b1e940, 0x00000000e1c20000)
  to   space 1856K,   0% used [0x00000000e1880000, 0x00000000e1880000, 0x00000000e1a50000)
 tenured generation   total 37020K, used 34256K [0x00000000eb150000, 0x00000000ed577000, 0x0000000100000000)
   the space 37020K,  92% used [0x00000000eb150000, 0x00000000ed2c4230, 0x00000000ed2c4400, 0x00000000ed577000)
 Metaspace       used 61931K, capacity 64215K, committed 64296K, reserved 1103872K
  class space    used 8536K, capacity 8967K, committed 9008K, reserved 1048576K
Event: 17.383 GC heap after
Heap after GC invocations=90 (full 4):
 def new generation   total 23744K, used 0K [0x00000000e0a00000, 0x00000000e23c0000, 0x00000000eb150000)
  eden space 21120K,   0% used [0x00000000e0a00000, 0x00000000e0a00000, 0x00000000e1ea0000)
  from space 2624K,   0% used [0x00000000e1ea0000, 0x00000000e1ea0000, 0x00000000e2130000)
  to   space 2624K,   0% used [0x00000000e2130000, 0x00000000e2130000, 0x00000000e23c0000)
 tenured generation   total 52656K, used 31591K [0x00000000eb150000, 0x00000000ee4bc000, 0x0000000100000000)
   the space 52656K,  59% used [0x00000000eb150000, 0x00000000ed029cf8, 0x00000000ed029e00, 0x00000000ee4bc000)
 Metaspace       used 61931K, capacity 64215K, committed 64296K, reserved 1103872K
  class space    used 8536K, capacity 8967K, committed 9008K, reserved 1048576K
}
Event: 17.408 GC heap before
{Heap before GC invocations=90 (full 4):
 def new generation   total 23744K, used 21120K [0x00000000e0a00000, 0x00000000e23c0000, 0x00000000eb150000)
  eden space 21120K, 100% used [0x00000000e0a00000, 0x00000000e1ea0000, 0x00000000e1ea0000)
  from space 2624K,   0% used [0x00000000e1ea0000, 0x00000000e1ea0000, 0x00000000e2130000)
  to   space 2624K,   0% used [0x00000000e2130000, 0x00000000e2130000, 0x00000000e23c0000)
 tenured generation   total 52656K, used 31591K [0x00000000eb150000, 0x00000000ee4bc000, 0x0000000100000000)
   the space 52656K,  59% used [0x00000000eb150000, 0x00000000ed029cf8, 0x00000000ed029e00, 0x00000000ee4bc000)
 Metaspace       used 61931K, capacity 64215K, committed 64296K, reserved 1103872K
  class space    used 8536K, capacity 8967K, committed 9008K, reserved 1048576K
Event: 17.470 GC heap after
Heap after GC invocations=91 (full 4):
 def new generation   total 23744K, used 2616K [0x00000000e0a00000, 0x00000000e23c0000, 0x00000000eb150000)
  eden space 21120K,   0% used [0x00000000e0a00000, 0x00000000e0a00000, 0x00000000e1ea0000)
  from space 2624K,  99% used [0x00000000e2130000, 0x00000000e23be1c8, 0x00000000e23c0000)
  to   space 2624K,   0% used [0x00000000e1ea0000, 0x00000000e1ea0000, 0x00000000e2130000)
 tenured generation   total 52656K, used 50074K [0x00000000eb150000, 0x00000000ee4bc000, 0x0000000100000000)
   the space 52656K,  95% used [0x00000000eb150000, 0x00000000ee2369f0, 0x00000000ee236a00, 0x00000000ee4bc000)
 Metaspace       used 61931K, capacity 64215K, committed 64296K, reserved 1103872K
  class space    used 8536K, capacity 8967K, committed 9008K, reserved 1048576K
}
Event: 17.482 GC heap before
{Heap before GC invocations=91 (full 4):
 def new generation   total 23744K, used 23736K [0x00000000e0a00000, 0x00000000e23c0000, 0x00000000eb150000)
  eden space 21120K, 100% used [0x00000000e0a00000, 0x00000000e1ea0000, 0x00000000e1ea0000)
  from space 2624K,  99% used [0x00000000e2130000, 0x00000000e23be1c8, 0x00000000e23c0000)
  to   space 2624K,   0% used [0x00000000e1ea0000, 0x00000000e1ea0000, 0x00000000e2130000)
 tenured generation   total 52656K, used 50074K [0x00000000eb150000, 0x00000000ee4bc000, 0x0000000100000000)
   the space 52656K,  95% used [0x00000000eb150000, 0x00000000ee2369f0, 0x00000000ee236a00, 0x00000000ee4bc000)
 Metaspace       used 61931K, capacity 64215K, committed 64296K, reserved 1103872K
  class space    used 8536K, capacity 8967K, committed 9008K, reserved 1048576K
Event: 17.633 GC heap after
Heap after GC invocations=92 (full 5):
 def new generation   total 53440K, used 2623K [0x00000000e0a00000, 0x00000000e43f0000, 0x00000000eb150000)
  eden space 47552K,   5% used [0x00000000e0a00000, 0x00000000e0c8ff50, 0x00000000e3870000)
  from space 5888K,   0% used [0x00000000e3870000, 0x00000000e3870000, 0x00000000e3e30000)
  to   space 5888K,   0% used [0x00000000e3e30000, 0x00000000e3e30000, 0x00000000e43f0000)
 tenured generation   total 118584K, used 71149K [0x00000000eb150000, 0x00000000f251e000, 0x0000000100000000)
   the space 118584K,  59% used [0x00000000eb150000, 0x00000000ef6cb5a0, 0x00000000ef6cb600, 0x00000000f251e000)
 Metaspace       used 61931K, capacity 64215K, committed 64296K, reserved 1103872K
  class space    used 8536K, capacity 8967K, committed 9008K, reserved 1048576K
}
Event: 17.726 GC heap before
{Heap before GC invocations=92 (full 5):
 def new generation   total 53440K, used 47552K [0x00000000e0a00000, 0x00000000e43f0000, 0x00000000eb150000)
  eden space 47552K, 100% used [0x00000000e0a00000, 0x00000000e3870000, 0x00000000e3870000)
  from space 5888K,   0% used [0x00000000e3870000, 0x00000000e3870000, 0x00000000e3e30000)
  to   space 5888K,   0% used [0x00000000e3e30000, 0x00000000e3e30000, 0x00000000e43f0000)
 tenured generation   total 118584K, used 71149K [0x00000000eb150000, 0x00000000f251e000, 0x0000000100000000)
   the space 118584K,  59% used [0x00000000eb150000, 0x00000000ef6cb5a0, 0x00000000ef6cb600, 0x00000000f251e000)
 Metaspace       used 61931K, capacity 64215K, committed 64296K, reserved 1103872K
  class space    used 8536K, capacity 8967K, committed 9008K, reserved 1048576K
Event: 17.824 GC heap after
Heap after GC invocations=93 (full 5):
 def new generation   total 53440K, used 5881K [0x00000000e0a00000, 0x00000000e43f0000, 0x00000000eb150000)
  eden space 47552K,   0% used [0x00000000e0a00000, 0x00000000e0a00000, 0x00000000e3870000)
  from space 5888K,  99% used [0x00000000e3e30000, 0x00000000e43ee500, 0x00000000e43f0000)
  to   space 5888K,   0% used [0x00000000e3870000, 0x00000000e3870000, 0x00000000e3e30000)
 tenured generation   total 118584K, used 112676K [0x00000000eb150000, 0x00000000f251e000, 0x0000000100000000)
   the space 118584K,  95% used [0x00000000eb150000, 0x00000000f1f59120, 0x00000000f1f59200, 0x00000000f251e000)
 Metaspace       used 61931K, capacity 64215K, committed 64296K, reserved 1103872K
  class space    used 8536K, capacity 8967K, committed 9008K, reserved 1048576K
}
Event: 17.849 GC heap before
{Heap before GC invocations=93 (full 5):
 def new generation   total 53440K, used 53433K [0x00000000e0a00000, 0x00000000e43f0000, 0x00000000eb150000)
  eden space 47552K, 100% used [0x00000000e0a00000, 0x00000000e3870000, 0x00000000e3870000)
  from space 5888K,  99% used [0x00000000e3e30000, 0x00000000e43ee500, 0x00000000e43f0000)
  to   space 5888K,   0% used [0x00000000e3870000, 0x00000000e3870000, 0x00000000e3e30000)
 tenured generation   total 118584K, used 112676K [0x00000000eb150000, 0x00000000f251e000, 0x0000000100000000)
   the space 118584K,  95% used [0x00000000eb150000, 0x00000000f1f59120, 0x00000000f1f59200, 0x00000000f251e000)
 Metaspace       used 61931K, capacity 64215K, committed 64296K, reserved 1103872K
  class space    used 8536K, capacity 8967K, committed 9008K, reserved 1048576K

