# JRE version: Java(TM) SE Runtime Environment (8.0_231-b11) (build 1.8.0_231-b11)
# Java VM: Java HotSpot(TM) 64-Bit Server VM (25.231-b11 mixed mode linux-amd64 compressed oops)
Heap:
 garbage-first heap   total 458752K, used 91648K [0x00000000c0000000, 0x00000000c0100e00, 0x0000000100000000)
  region size 1024K, 6 young (6144K), 6 survivors (6144K)
 Metaspace       used 52240K, capacity 55336K, committed 55576K, reserved 1097728K
  class space    used 5429K, capacity 6335K, committed 6424K, reserved 1048576K
GC Heap History (10 events):
Event: 21.957 GC heap after
Heap after GC invocations=67 (full 0):
 garbage-first heap   total 155648K, used 113666K [0x00000000c0000000, 0x00000000c01004c0, 0x0000000100000000)
  region size 1024K, 3 young (3072K), 3 survivors (3072K)
 Metaspace       used 49989K, capacity 52884K, committed 53016K, reserved 1095680K
  class space    used 5251K, capacity 6129K, committed 6168K, reserved 1048576K
}
Event: 22.028 GC heap before
{Heap before GC invocations=67 (full 0):
 garbage-first heap   total 155648K, used 117762K [0x00000000c0000000, 0x00000000c01004c0, 0x0000000100000000)
  region size 1024K, 7 young (7168K), 3 survivors (3072K)
 Metaspace       used 50161K, capacity 53216K, committed 53400K, reserved 1095680K
  class space    used 5273K, capacity 6173K, committed 6296K, reserved 1048576K
Event: 22.098 GC heap after
Heap after GC invocations=68 (full 0):
 garbage-first heap   total 155648K, used 107522K [0x00000000c0000000, 0x00000000c01004c0, 0x0000000100000000)
  region size 1024K, 1 young (1024K), 1 survivors (1024K)
 Metaspace       used 50161K, capacity 53216K, committed 53400K, reserved 1095680K
  class space    used 5273K, capacity 6173K, committed 6296K, reserved 1048576K
}
Event: 22.201 GC heap before
{Heap before GC invocations=68 (full 0):
 garbage-first heap   total 155648K, used 113666K [0x00000000c0000000, 0x00000000c01004c0, 0x0000000100000000)
  region size 1024K, 7 young (7168K), 1 survivors (1024K)
 Metaspace       used 50256K, capacity 53286K, committed 53656K, reserved 1097728K
  class space    used 5282K, capacity 6174K, committed 6296K, reserved 1048576K
Event: 22.235 GC heap after
Heap after GC invocations=69 (full 0):
 garbage-first heap   total 155648K, used 108034K [0x00000000c0000000, 0x00000000c01004c0, 0x0000000100000000)
  region size 1024K, 1 young (1024K), 1 survivors (1024K)
 Metaspace       used 50256K, capacity 53286K, committed 53656K, reserved 1097728K
  class space    used 5282K, capacity 6174K, committed 6296K, reserved 1048576K
}
Event: 22.512 GC heap before
{Heap before GC invocations=69 (full 0):
 garbage-first heap   total 155648K, used 130562K [0x00000000c0000000, 0x00000000c01004c0, 0x0000000100000000)
  region size 1024K, 23 young (23552K), 1 survivors (1024K)
 Metaspace       used 50503K, capacity 53506K, committed 53912K, reserved 1097728K
  class space    used 5296K, capacity 6182K, committed 6296K, reserved 1048576K
Event: 22.551 GC heap after
Heap after GC invocations=70 (full 0):
 garbage-first heap   total 155648K, used 109571K [0x00000000c0000000, 0x00000000c01004c0, 0x0000000100000000)
  region size 1024K, 3 young (3072K), 3 survivors (3072K)
 Metaspace       used 50503K, capacity 53506K, committed 53912K, reserved 1097728K
  class space    used 5296K, capacity 6182K, committed 6296K, reserved 1048576K
}
Event: 22.874 GC heap before
{Heap before GC invocations=70 (full 0):
 garbage-first heap   total 155648K, used 131075K [0x00000000c0000000, 0x00000000c01004c0, 0x0000000100000000)
  region size 1024K, 24 young (24576K), 3 survivors (3072K)
 Metaspace       used 51190K, capacity 54218K, committed 54424K, reserved 1097728K
  class space    used 5370K, capacity 6226K, committed 6296K, reserved 1048576K
Event: 22.899 GC heap after
Heap after GC invocations=71 (full 0):
 garbage-first heap   total 311296K, used 111618K [0x00000000c0000000, 0x00000000c0100980, 0x0000000100000000)
  region size 1024K, 3 young (3072K), 3 survivors (3072K)
 Metaspace       used 51190K, capacity 54218K, committed 54424K, reserved 1097728K
  class space    used 5370K, capacity 6226K, committed 6296K, reserved 1048576K
}
Event: 24.663 GC heap before
{Heap before GC invocations=72 (full 0):
 garbage-first heap   total 311296K, used 225792K [0x00000000c0000000, 0x00000000c0100980, 0x0000000100000000)
  region size 1024K, 137 young (140288K), 3 survivors (3072K)
 Metaspace       used 52240K, capacity 55336K, committed 55576K, reserved 1097728K
  class space    used 5429K, capacity 6335K, committed 6424K, reserved 1048576K

