# JRE version: Java(TM) SE Runtime Environment (8.0_231-b11) (build 1.8.0_231-b11)
# Java VM: Java HotSpot(TM) 64-Bit Server VM (25.231-b11 mixed mode linux-amd64 compressed oops)
Heap:
 def new generation   total 92736K, used 10171K [0x00000000e0a00000, 0x00000000e6ea0000, 0x00000000eb150000)
  eden space 82432K,  12% used [0x00000000e0a00000, 0x00000000e13eee40, 0x00000000e5a80000)
  from space 10304K,   0% used [0x00000000e5a80000, 0x00000000e5a80000, 0x00000000e6490000)
  to   space 10304K,   0% used [0x00000000e6490000, 0x00000000e6490000, 0x00000000e6ea0000)
 tenured generation   total 342720K, used 277806K [0x00000000eb150000, 0x0000000100000000, 0x0000000100000000)
   the space 342720K,  81% used [0x00000000eb150000, 0x00000000fc09bb90, 0x00000000fc09bc00, 0x0000000100000000)
 Metaspace       used 3316K, capacity 4564K, committed 4864K, reserved 1056768K
  class space    used 363K, capacity 388K, committed 512K, reserved 1048576K
GC Heap History (10 events):
Event: 0.451 GC heap after
Heap after GC invocations=8 (full 1):
 def new generation   total 18368K, used 1983K [0x00000000e0a00000, 0x00000000e1de0000, 0x00000000eb150000)
  eden space 16384K,   0% used [0x00000000e0a00000, 0x00000000e0a00000, 0x00000000e1a00000)
  from space 1984K,  99% used [0x00000000e1bf0000, 0x00000000e1ddffa0, 0x00000000e1de0000)
  to   space 1984K,   0% used [0x00000000e1a00000, 0x00000000e1a00000, 0x00000000e1bf0000)
 tenured generation   total 40636K, used 38739K [0x00000000eb150000, 0x00000000ed8ff000, 0x0000000100000000)
   the space 40636K,  95% used [0x00000000eb150000, 0x00000000ed724e60, 0x00000000ed725000, 0x00000000ed8ff000)
 Metaspace       used 3316K, capacity 4564K, committed 4864K, reserved 1056768K
  class space    used 363K, capacity 388K, committed 512K, reserved 1048576K
}
Event: 0.459 GC heap before
{Heap before GC invocations=8 (full 1):
 def new generation   total 18368K, used 18367K [0x00000000e0a00000, 0x00000000e1de0000, 0x00000000eb150000)
  eden space 16384K, 100% used [0x00000000e0a00000, 0x00000000e1a00000, 0x00000000e1a00000)
  from space 1984K,  99% used [0x00000000e1bf0000, 0x00000000e1ddffa0, 0x00000000e1de0000)
  to   space 1984K,   0% used [0x00000000e1a00000, 0x00000000e1a00000, 0x00000000e1bf0000)
 tenured generation   total 40636K, used 38739K [0x00000000eb150000, 0x00000000ed8ff000, 0x0000000100000000)
   the space 40636K,  95% used [0x00000000eb150000, 0x00000000ed724e60, 0x00000000ed725000, 0x00000000ed8ff000)
 Metaspace       used 3316K, capacity 4564K, committed 4864K, reserved 1056768K
  class space    used 363K, capacity 388K, committed 512K, reserved 1048576K
Event: 0.481 GC heap after
Heap after GC invocations=9 (full 2):
 def new generation   total 41344K, used 1964K [0x00000000e0a00000, 0x00000000e36d0000, 0x00000000eb150000)
  eden space 36800K,   5% used [0x00000000e0a00000, 0x00000000e0beb3d8, 0x00000000e2df0000)
  from space 4544K,   0% used [0x00000000e2df0000, 0x00000000e2df0000, 0x00000000e3260000)
  to   space 4544K,   0% used [0x00000000e3260000, 0x00000000e3260000, 0x00000000e36d0000)
 tenured generation   total 91728K, used 55035K [0x00000000eb150000, 0x00000000f0ae4000, 0x0000000100000000)
   the space 91728K,  59% used [0x00000000eb150000, 0x00000000ee70ec90, 0x00000000ee70ee00, 0x00000000f0ae4000)
 Metaspace       used 3316K, capacity 4564K, committed 4864K, reserved 1056768K
  class space    used 363K, capacity 388K, committed 512K, reserved 1048576K
}
Event: 0.520 GC heap before
{Heap before GC invocations=9 (full 2):
 def new generation   total 41344K, used 36800K [0x00000000e0a00000, 0x00000000e36d0000, 0x00000000eb150000)
  eden space 36800K, 100% used [0x00000000e0a00000, 0x00000000e2df0000, 0x00000000e2df0000)
  from space 4544K,   0% used [0x00000000e2df0000, 0x00000000e2df0000, 0x00000000e3260000)
  to   space 4544K,   0% used [0x00000000e3260000, 0x00000000e3260000, 0x00000000e36d0000)
 tenured generation   total 91728K, used 55035K [0x00000000eb150000, 0x00000000f0ae4000, 0x0000000100000000)
   the space 91728K,  59% used [0x00000000eb150000, 0x00000000ee70ec90, 0x00000000ee70ee00, 0x00000000f0ae4000)
 Metaspace       used 3316K, capacity 4564K, committed 4864K, reserved 1056768K
  class space    used 363K, capacity 388K, committed 512K, reserved 1048576K
Event: 0.557 GC heap after
Heap after GC invocations=10 (full 2):
 def new generation   total 41344K, used 4539K [0x00000000e0a00000, 0x00000000e36d0000, 0x00000000eb150000)
  eden space 36800K,   0% used [0x00000000e0a00000, 0x00000000e0a00000, 0x00000000e2df0000)
  from space 4544K,  99% used [0x00000000e3260000, 0x00000000e36ced80, 0x00000000e36d0000)
  to   space 4544K,   0% used [0x00000000e2df0000, 0x00000000e2df0000, 0x00000000e3260000)
 tenured generation   total 91728K, used 86989K [0x00000000eb150000, 0x00000000f0ae4000, 0x0000000100000000)
   the space 91728K,  94% used [0x00000000eb150000, 0x00000000f0643598, 0x00000000f0643600, 0x00000000f0ae4000)
 Metaspace       used 3316K, capacity 4564K, committed 4864K, reserved 1056768K
  class space    used 363K, capacity 388K, committed 512K, reserved 1048576K
}
Event: 0.574 GC heap before
{Heap before GC invocations=10 (full 2):
 def new generation   total 41344K, used 41339K [0x00000000e0a00000, 0x00000000e36d0000, 0x00000000eb150000)
  eden space 36800K, 100% used [0x00000000e0a00000, 0x00000000e2df0000, 0x00000000e2df0000)
  from space 4544K,  99% used [0x00000000e3260000, 0x00000000e36ced80, 0x00000000e36d0000)
  to   space 4544K,   0% used [0x00000000e2df0000, 0x00000000e2df0000, 0x00000000e3260000)
 tenured generation   total 91728K, used 86989K [0x00000000eb150000, 0x00000000f0ae4000, 0x0000000100000000)
   the space 91728K,  94% used [0x00000000eb150000, 0x00000000f0643598, 0x00000000f0643600, 0x00000000f0ae4000)
 Metaspace       used 3316K, capacity 4564K, committed 4864K, reserved 1056768K
  class space    used 363K, capacity 388K, committed 512K, reserved 1048576K
Event: 0.617 GC heap after
Heap after GC invocations=11 (full 3):
 def new generation   total 92736K, used 4402K [0x00000000e0a00000, 0x00000000e6ea0000, 0x00000000eb150000)
  eden space 82432K,   5% used [0x00000000e0a00000, 0x00000000e0e4cb18, 0x00000000e5a80000)
  from space 10304K,   0% used [0x00000000e5a80000, 0x00000000e5a80000, 0x00000000e6490000)
  to   space 10304K,   0% used [0x00000000e6490000, 0x00000000e6490000, 0x00000000e6ea0000)
 tenured generation   total 206000K, used 123598K [0x00000000eb150000, 0x00000000f7a7c000, 0x0000000100000000)
   the space 206000K,  59% used [0x00000000eb150000, 0x00000000f2a03a78, 0x00000000f2a03c00, 0x00000000f7a7c000)
 Metaspace       used 3316K, capacity 4564K, committed 4864K, reserved 1056768K
  class space    used 363K, capacity 388K, committed 512K, reserved 1048576K
}
Event: 0.656 GC heap before
{Heap before GC invocations=11 (full 3):
 def new generation   total 92736K, used 82432K [0x00000000e0a00000, 0x00000000e6ea0000, 0x00000000eb150000)
  eden space 82432K, 100% used [0x00000000e0a00000, 0x00000000e5a80000, 0x00000000e5a80000)
  from space 10304K,   0% used [0x00000000e5a80000, 0x00000000e5a80000, 0x00000000e6490000)
  to   space 10304K,   0% used [0x00000000e6490000, 0x00000000e6490000, 0x00000000e6ea0000)
 tenured generation   total 206000K, used 123598K [0x00000000eb150000, 0x00000000f7a7c000, 0x0000000100000000)
   the space 206000K,  59% used [0x00000000eb150000, 0x00000000f2a03a78, 0x00000000f2a03c00, 0x00000000f7a7c000)
 Metaspace       used 3316K, capacity 4564K, committed 4864K, reserved 1056768K
  class space    used 363K, capacity 388K, committed 512K, reserved 1048576K
Event: 0.751 GC heap after
Heap after GC invocations=12 (full 3):
 def new generation   total 92736K, used 10297K [0x00000000e0a00000, 0x00000000e6ea0000, 0x00000000eb150000)
  eden space 82432K,   0% used [0x00000000e0a00000, 0x00000000e0a00000, 0x00000000e5a80000)
  from space 10304K,  99% used [0x00000000e6490000, 0x00000000e6e9e6a0, 0x00000000e6ea0000)
  to   space 10304K,   0% used [0x00000000e5a80000, 0x00000000e5a80000, 0x00000000e6490000)
 tenured generation   total 206000K, used 195303K [0x00000000eb150000, 0x00000000f7a7c000, 0x0000000100000000)
   the space 206000K,  94% used [0x00000000eb150000, 0x00000000f7009fb8, 0x00000000f700a000, 0x00000000f7a7c000)
 Metaspace       used 3316K, capacity 4564K, committed 4864K, reserved 1056768K
  class space    used 363K, capacity 388K, committed 512K, reserved 1048576K
}
Event: 0.772 GC heap before
{Heap before GC invocations=12 (full 3):
 def new generation   total 92736K, used 92729K [0x00000000e0a00000, 0x00000000e6ea0000, 0x00000000eb150000)
  eden space 82432K, 100% used [0x00000000e0a00000, 0x00000000e5a80000, 0x00000000e5a80000)
  from space 10304K,  99% used [0x00000000e6490000, 0x00000000e6e9e6a0, 0x00000000e6ea0000)
  to   space 10304K,   0% used [0x00000000e5a80000, 0x00000000e5a80000, 0x00000000e6490000)
 tenured generation   total 206000K, used 195303K [0x00000000eb150000, 0x00000000f7a7c000, 0x0000000100000000)
   the space 206000K,  94% used [0x00000000eb150000, 0x00000000f7009fb8, 0x00000000f700a000, 0x00000000f7a7c000)
 Metaspace       used 3316K, capacity 4564K, committed 4864K, reserved 1056768K
  class space    used 363K, capacity 388K, committed 512K, reserved 1048576K

