# JRE version: Java(TM) SE Runtime Environment (8.0_231-b11) (build 1.8.0_231-b11)
# Java VM: Java HotSpot(TM) 64-Bit Server VM (25.231-b11 mixed mode linux-amd64 compressed oops)
Heap:
 garbage-first heap   total 262144K, used 20479K [0x00000000c0000000, 0x00000000c0100800, 0x0000000100000000)
  region size 1024K, 6 young (6144K), 6 survivors (6144K)
 Metaspace       used 32984K, capacity 35288K, committed 35328K, reserved 1081344K
  class space    used 3620K, capacity 4314K, committed 4352K, reserved 1048576K
GC Heap History (10 events):
Event: 7.135 GC heap after
Heap after GC invocations=44 (full 0):
 garbage-first heap   total 32768K, used 18431K [0x00000000c0000000, 0x00000000c0100100, 0x0000000100000000)
  region size 1024K, 1 young (1024K), 1 survivors (1024K)
 Metaspace       used 27786K, capacity 29314K, committed 29440K, reserved 1075200K
  class space    used 3005K, capacity 3525K, committed 3584K, reserved 1048576K
}
Event: 7.152 GC heap before
{Heap before GC invocations=44 (full 0):
 garbage-first heap   total 32768K, used 19455K [0x00000000c0000000, 0x00000000c0100100, 0x0000000100000000)
  region size 1024K, 2 young (2048K), 1 survivors (1024K)
 Metaspace       used 27832K, capacity 29408K, committed 29696K, reserved 1075200K
  class space    used 3009K, capacity 3530K, committed 3584K, reserved 1048576K
Event: 7.170 GC heap after
Heap after GC invocations=45 (full 0):
 garbage-first heap   total 32768K, used 15516K [0x00000000c0000000, 0x00000000c0100100, 0x0000000100000000)
  region size 1024K, 1 young (1024K), 1 survivors (1024K)
 Metaspace       used 27832K, capacity 29408K, committed 29696K, reserved 1075200K
  class space    used 3009K, capacity 3530K, committed 3584K, reserved 1048576K
}
Event: 7.177 GC heap before
{Heap before GC invocations=45 (full 0):
 garbage-first heap   total 32768K, used 16540K [0x00000000c0000000, 0x00000000c0100100, 0x0000000100000000)
  region size 1024K, 2 young (2048K), 1 survivors (1024K)
 Metaspace       used 27868K, capacity 29478K, committed 29696K, reserved 1075200K
  class space    used 3014K, capacity 3531K, committed 3584K, reserved 1048576K
Event: 7.208 GC heap after
Heap after GC invocations=46 (full 0):
 garbage-first heap   total 32768K, used 14949K [0x00000000c0000000, 0x00000000c0100100, 0x0000000100000000)
  region size 1024K, 1 young (1024K), 1 survivors (1024K)
 Metaspace       used 27868K, capacity 29478K, committed 29696K, reserved 1075200K
  class space    used 3014K, capacity 3531K, committed 3584K, reserved 1048576K
}
Event: 7.308 GC heap before
{Heap before GC invocations=46 (full 0):
 garbage-first heap   total 32768K, used 27237K [0x00000000c0000000, 0x00000000c0100100, 0x0000000100000000)
  region size 1024K, 13 young (13312K), 1 survivors (1024K)
 Metaspace       used 28426K, capacity 29992K, committed 30336K, reserved 1075200K
  class space    used 3080K, capacity 3610K, committed 3712K, reserved 1048576K
Event: 7.328 GC heap after
Heap after GC invocations=47 (full 0):
 garbage-first heap   total 65536K, used 16056K [0x00000000c0000000, 0x00000000c0100200, 0x0000000100000000)
  region size 1024K, 2 young (2048K), 2 survivors (2048K)
 Metaspace       used 28426K, capacity 29992K, committed 30336K, reserved 1075200K
  class space    used 3080K, capacity 3610K, committed 3712K, reserved 1048576K
}
Event: 7.676 GC heap before
{Heap before GC invocations=47 (full 0):
 garbage-first heap   total 65536K, used 52920K [0x00000000c0000000, 0x00000000c0100200, 0x0000000100000000)
  region size 1024K, 38 young (38912K), 2 survivors (2048K)
 Metaspace       used 30119K, capacity 32006K, committed 32128K, reserved 1077248K
  class space    used 3270K, capacity 3890K, committed 3968K, reserved 1048576K
Event: 7.690 GC heap after
Heap after GC invocations=48 (full 0):
 garbage-first heap   total 131072K, used 16895K [0x00000000c0000000, 0x00000000c0100400, 0x0000000100000000)
  region size 1024K, 3 young (3072K), 3 survivors (3072K)
 Metaspace       used 30119K, capacity 32006K, committed 32128K, reserved 1077248K
  class space    used 3270K, capacity 3890K, committed 3968K, reserved 1048576K
}
Event: 8.387 GC heap before
{Heap before GC invocations=48 (full 0):
 garbage-first heap   total 131072K, used 91647K [0x00000000c0000000, 0x00000000c0100400, 0x0000000100000000)
  region size 1024K, 76 young (77824K), 3 survivors (3072K)
 Metaspace       used 32984K, capacity 35288K, committed 35328K, reserved 1081344K
  class space    used 3620K, capacity 4314K, committed 4352K, reserved 1048576K

