# JRE version: Java(TM) SE Runtime Environment (8.0_231-b11) (build 1.8.0_231-b11)
# Java VM: Java HotSpot(TM) 64-Bit Server VM (25.231-b11 mixed mode linux-amd64 compressed oops)
Heap:
 garbage-first heap   total 262144K, used 25088K [0x00000000c0000000, 0x00000000c0100800, 0x0000000100000000)
  region size 1024K, 1 young (1024K), 1 survivors (1024K)
 Metaspace       used 35429K, capacity 37764K, committed 38016K, reserved 1083392K
  class space    used 3894K, capacity 4653K, committed 4736K, reserved 1048576K
GC Heap History (10 events):
Event: 77.156 GC heap after
Heap after GC invocations=54 (full 0):
 garbage-first heap   total 131072K, used 19968K [0x00000000c0000000, 0x00000000c0100400, 0x0000000100000000)
  region size 1024K, 1 young (1024K), 1 survivors (1024K)
 Metaspace       used 34899K, capacity 37126K, committed 37376K, reserved 1081344K
  class space    used 3830K, capacity 4547K, committed 4608K, reserved 1048576K
}
Event: 82.148 GC heap before
{Heap before GC invocations=54 (full 0):
 garbage-first heap   total 131072K, used 25088K [0x00000000c0000000, 0x00000000c0100400, 0x0000000100000000)
  region size 1024K, 6 young (6144K), 1 survivors (1024K)
 Metaspace       used 34935K, capacity 37126K, committed 37376K, reserved 1081344K
  class space    used 3833K, capacity 4547K, committed 4608K, reserved 1048576K
Event: 83.447 GC heap after
Heap after GC invocations=55 (full 0):
 garbage-first heap   total 131072K, used 21237K [0x00000000c0000000, 0x00000000c0100400, 0x0000000100000000)
  region size 1024K, 1 young (1024K), 1 survivors (1024K)
 Metaspace       used 34935K, capacity 37126K, committed 37376K, reserved 1081344K
  class space    used 3833K, capacity 4547K, committed 4608K, reserved 1048576K
}
Event: 122.652 GC heap before
{Heap before GC invocations=55 (full 0):
 garbage-first heap   total 131072K, used 26357K [0x00000000c0000000, 0x00000000c0100400, 0x0000000100000000)
  region size 1024K, 6 young (6144K), 1 survivors (1024K)
 Metaspace       used 35059K, capacity 37254K, committed 37376K, reserved 1081344K
  class space    used 3843K, capacity 4547K, committed 4608K, reserved 1048576K
Event: 126.552 GC heap after
Heap after GC invocations=56 (full 0):
 garbage-first heap   total 131072K, used 22527K [0x00000000c0000000, 0x00000000c0100400, 0x0000000100000000)
  region size 1024K, 1 young (1024K), 1 survivors (1024K)
 Metaspace       used 35059K, capacity 37254K, committed 37376K, reserved 1081344K
  class space    used 3843K, capacity 4547K, committed 4608K, reserved 1048576K
}
Event: 178.552 GC heap before
{Heap before GC invocations=56 (full 0):
 garbage-first heap   total 131072K, used 27647K [0x00000000c0000000, 0x00000000c0100400, 0x0000000100000000)
  region size 1024K, 6 young (6144K), 1 survivors (1024K)
 Metaspace       used 35111K, capacity 37350K, committed 37632K, reserved 1083392K
  class space    used 3849K, capacity 4579K, committed 4608K, reserved 1048576K
Event: 184.251 GC heap after
Heap after GC invocations=57 (full 0):
 garbage-first heap   total 131072K, used 23552K [0x00000000c0000000, 0x00000000c0100400, 0x0000000100000000)
  region size 1024K, 1 young (1024K), 1 survivors (1024K)
 Metaspace       used 35111K, capacity 37350K, committed 37632K, reserved 1083392K
  class space    used 3849K, capacity 4579K, committed 4608K, reserved 1048576K
}
Event: 262.043 GC heap before
{Heap before GC invocations=57 (full 0):
 garbage-first heap   total 131072K, used 28672K [0x00000000c0000000, 0x00000000c0100400, 0x0000000100000000)
  region size 1024K, 6 young (6144K), 1 survivors (1024K)
 Metaspace       used 35222K, capacity 37432K, committed 37632K, reserved 1083392K
  class space    used 3868K, capacity 4582K, committed 4608K, reserved 1048576K
Event: 276.347 GC heap after
Heap after GC invocations=58 (full 0):
 garbage-first heap   total 131072K, used 24531K [0x00000000c0000000, 0x00000000c0100400, 0x0000000100000000)
  region size 1024K, 1 young (1024K), 1 survivors (1024K)
 Metaspace       used 35222K, capacity 37432K, committed 37632K, reserved 1083392K
  class space    used 3868K, capacity 4582K, committed 4608K, reserved 1048576K
}
Event: 389.743 GC heap before
{Heap before GC invocations=58 (full 0):
 garbage-first heap   total 131072K, used 29651K [0x00000000c0000000, 0x00000000c0100400, 0x0000000100000000)
  region size 1024K, 6 young (6144K), 1 survivors (1024K)
 Metaspace       used 35429K, capacity 37764K, committed 38016K, reserved 1083392K
  class space    used 3894K, capacity 4653K, committed 4736K, reserved 1048576K

