# JRE version: Java(TM) SE Runtime Environment (8.0_231-b11) (build 1.8.0_231-b11)
# Java VM: Java HotSpot(TM) 64-Bit Server VM (25.231-b11 mixed mode linux-amd64 compressed oops)
Heap:
 garbage-first heap   total 329728K, used 83680K [0x00000000c0000000, 0x00000000c0100a10, 0x0000000100000000)
  region size 1024K, 4 young (4096K), 4 survivors (4096K)
 Metaspace       used 55510K, capacity 58938K, committed 59264K, reserved 1101824K
  class space    used 5719K, capacity 6698K, committed 6784K, reserved 1048576K
GC Heap History (10 events):
Event: 209.686 GC heap after
Heap after GC invocations=80 (full 0):
 garbage-first heap   total 164864K, used 83456K [0x00000000c0000000, 0x00000000c0100508, 0x0000000100000000)
  region size 1024K, 1 young (1024K), 1 survivors (1024K)
 Metaspace       used 53252K, capacity 56368K, committed 56576K, reserved 1099776K
  class space    used 5494K, capacity 6381K, committed 6400K, reserved 1048576K
}
Event: 210.040 GC heap before
{Heap before GC invocations=80 (full 0):
 garbage-first heap   total 164864K, used 90624K [0x00000000c0000000, 0x00000000c0100508, 0x0000000100000000)
  region size 1024K, 8 young (8192K), 1 survivors (1024K)
 Metaspace       used 53539K, capacity 56684K, committed 56960K, reserved 1099776K
  class space    used 5516K, capacity 6417K, committed 6528K, reserved 1048576K
Event: 210.114 GC heap after
Heap after GC invocations=81 (full 0):
 garbage-first heap   total 164864K, used 84992K [0x00000000c0000000, 0x00000000c0100508, 0x0000000100000000)
  region size 1024K, 1 young (1024K), 1 survivors (1024K)
 Metaspace       used 53539K, capacity 56684K, committed 56960K, reserved 1099776K
  class space    used 5516K, capacity 6417K, committed 6528K, reserved 1048576K
}
Event: 210.386 GC heap before
{Heap before GC invocations=81 (full 0):
 garbage-first heap   total 164864K, used 92160K [0x00000000c0000000, 0x00000000c0100508, 0x0000000100000000)
  region size 1024K, 8 young (8192K), 1 survivors (1024K)
 Metaspace       used 53735K, capacity 56818K, committed 56960K, reserved 1099776K
  class space    used 5532K, capacity 6418K, committed 6528K, reserved 1048576K
Event: 210.429 GC heap after
Heap after GC invocations=82 (full 0):
 garbage-first heap   total 164864K, used 85504K [0x00000000c0000000, 0x00000000c0100508, 0x0000000100000000)
  region size 1024K, 1 young (1024K), 1 survivors (1024K)
 Metaspace       used 53735K, capacity 56818K, committed 56960K, reserved 1099776K
  class space    used 5532K, capacity 6418K, committed 6528K, reserved 1048576K
}
Event: 211.085 GC heap before
{Heap before GC invocations=83 (full 0):
 garbage-first heap   total 164864K, used 138752K [0x00000000c0000000, 0x00000000c0100508, 0x0000000100000000)
  region size 1024K, 53 young (54272K), 1 survivors (1024K)
 Metaspace       used 55145K, capacity 58608K, committed 58752K, reserved 1101824K
  class space    used 5703K, capacity 6695K, committed 6784K, reserved 1048576K
Event: 211.126 GC heap after
Heap after GC invocations=84 (full 0):
 garbage-first heap   total 164864K, used 87552K [0x00000000c0000000, 0x00000000c0100508, 0x0000000100000000)
  region size 1024K, 3 young (3072K), 3 survivors (3072K)
 Metaspace       used 55145K, capacity 58608K, committed 58752K, reserved 1101824K
  class space    used 5703K, capacity 6695K, committed 6784K, reserved 1048576K
}
Event: 211.196 GC heap before
{Heap before GC invocations=84 (full 0):
 garbage-first heap   total 164864K, used 92672K [0x00000000c0000000, 0x00000000c0100508, 0x0000000100000000)
  region size 1024K, 8 young (8192K), 3 survivors (3072K)
 Metaspace       used 55210K, capacity 58678K, committed 59008K, reserved 1101824K
  class space    used 5707K, capacity 6696K, committed 6784K, reserved 1048576K
Event: 211.256 GC heap after
Heap after GC invocations=85 (full 0):
 garbage-first heap   total 164864K, used 80608K [0x00000000c0000000, 0x00000000c0100508, 0x0000000100000000)
  region size 1024K, 1 young (1024K), 1 survivors (1024K)
 Metaspace       used 55210K, capacity 58678K, committed 59008K, reserved 1101824K
  class space    used 5707K, capacity 6696K, committed 6784K, reserved 1048576K
}
Event: 211.850 GC heap before
{Heap before GC invocations=85 (full 0):
 garbage-first heap   total 164864K, used 138976K [0x00000000c0000000, 0x00000000c0100508, 0x0000000100000000)
  region size 1024K, 58 young (59392K), 1 survivors (1024K)
 Metaspace       used 55510K, capacity 58938K, committed 59264K, reserved 1101824K
  class space    used 5719K, capacity 6698K, committed 6784K, reserved 1048576K

