# JRE version: Java(TM) SE Runtime Environment (8.0_231-b11) (build 1.8.0_231-b11)
# Java VM: Java HotSpot(TM) 64-Bit Server VM (25.231-b11 mixed mode linux-amd64 compressed oops)
Heap:
 def new generation   total 25856K, used 2655K [0x00000000e0a00000, 0x00000000e2600000, 0x00000000eb150000)
  eden space 23040K,  11% used [0x00000000e0a00000, 0x00000000e0c97cb0, 0x00000000e2080000)
  from space 2816K,   0% used [0x00000000e2080000, 0x00000000e2080000, 0x00000000e2340000)
  to   space 2816K,   0% used [0x00000000e2340000, 0x00000000e2340000, 0x00000000e2600000)
 tenured generation   total 62200K, used 62199K [0x00000000eb150000, 0x00000000eee0e000, 0x0000000100000000)
   the space 62200K,  99% used [0x00000000eb150000, 0x00000000eee0dff8, 0x00000000eee0e000, 0x00000000eee0e000)
 Metaspace       used 63357K, capacity 65674K, committed 65960K, reserved 1105920K
  class space    used 8600K, capacity 9054K, committed 9136K, reserved 1048576K
GC Heap History (10 events):
Event: 22.014 GC heap after
Heap after GC invocations=85 (full 3):
 def new generation   total 16704K, used 1855K [0x00000000e0a00000, 0x00000000e1c20000, 0x00000000eb150000)
  eden space 14848K,   0% used [0x00000000e0a00000, 0x00000000e0a00000, 0x00000000e1880000)
  from space 1856K,  99% used [0x00000000e1a50000, 0x00000000e1c1fff8, 0x00000000e1c20000)
  to   space 1856K,   0% used [0x00000000e1880000, 0x00000000e1880000, 0x00000000e1a50000)
 tenured generation   total 37072K, used 34900K [0x00000000eb150000, 0x00000000ed584000, 0x0000000100000000)
   the space 37072K,  94% used [0x00000000eb150000, 0x00000000ed365170, 0x00000000ed365200, 0x00000000ed584000)
 Metaspace       used 63077K, capacity 65408K, committed 65704K, reserved 1105920K
  class space    used 8587K, capacity 9031K, committed 9136K, reserved 1048576K
}
Event: 32.918 GC heap before
{Heap before GC invocations=85 (full 3):
 def new generation   total 16704K, used 16703K [0x00000000e0a00000, 0x00000000e1c20000, 0x00000000eb150000)
  eden space 14848K, 100% used [0x00000000e0a00000, 0x00000000e1880000, 0x00000000e1880000)
  from space 1856K,  99% used [0x00000000e1a50000, 0x00000000e1c1fff8, 0x00000000e1c20000)
  to   space 1856K,   0% used [0x00000000e1880000, 0x00000000e1880000, 0x00000000e1a50000)
 tenured generation   total 37072K, used 34900K [0x00000000eb150000, 0x00000000ed584000, 0x0000000100000000)
   the space 37072K,  94% used [0x00000000eb150000, 0x00000000ed365170, 0x00000000ed365200, 0x00000000ed584000)
 Metaspace       used 63110K, capacity 65408K, committed 65704K, reserved 1105920K
  class space    used 8587K, capacity 9031K, committed 9136K, reserved 1048576K
Event: 33.075 GC heap after
Heap after GC invocations=86 (full 4):
 def new generation   total 25856K, used 0K [0x00000000e0a00000, 0x00000000e2600000, 0x00000000eb150000)
  eden space 23040K,   0% used [0x00000000e0a00000, 0x00000000e0a00000, 0x00000000e2080000)
  from space 2816K,   0% used [0x00000000e2080000, 0x00000000e2080000, 0x00000000e2340000)
  to   space 2816K,   0% used [0x00000000e2340000, 0x00000000e2340000, 0x00000000e2600000)
 tenured generation   total 57208K, used 34322K [0x00000000eb150000, 0x00000000ee92e000, 0x0000000100000000)
   the space 57208K,  59% used [0x00000000eb150000, 0x00000000ed2d4b40, 0x00000000ed2d4c00, 0x00000000ee92e000)
 Metaspace       used 63110K, capacity 65408K, committed 65704K, reserved 1105920K
  class space    used 8587K, capacity 9031K, committed 9136K, reserved 1048576K
}
Event: 47.780 GC heap before
{Heap before GC invocations=86 (full 4):
 def new generation   total 25856K, used 23040K [0x00000000e0a00000, 0x00000000e2600000, 0x00000000eb150000)
  eden space 23040K, 100% used [0x00000000e0a00000, 0x00000000e2080000, 0x00000000e2080000)
  from space 2816K,   0% used [0x00000000e2080000, 0x00000000e2080000, 0x00000000e2340000)
  to   space 2816K,   0% used [0x00000000e2340000, 0x00000000e2340000, 0x00000000e2600000)
 tenured generation   total 57208K, used 34322K [0x00000000eb150000, 0x00000000ee92e000, 0x0000000100000000)
   the space 57208K,  59% used [0x00000000eb150000, 0x00000000ed2d4b40, 0x00000000ed2d4c00, 0x00000000ee92e000)
 Metaspace       used 63284K, capacity 65674K, committed 65960K, reserved 1105920K
  class space    used 8600K, capacity 9054K, committed 9136K, reserved 1048576K
Event: 47.794 GC heap after
Heap after GC invocations=87 (full 4):
 def new generation   total 25856K, used 2816K [0x00000000e0a00000, 0x00000000e2600000, 0x00000000eb150000)
  eden space 23040K,   0% used [0x00000000e0a00000, 0x00000000e0a00000, 0x00000000e2080000)
  from space 2816K, 100% used [0x00000000e2340000, 0x00000000e2600000, 0x00000000e2600000)
  to   space 2816K,   0% used [0x00000000e2080000, 0x00000000e2080000, 0x00000000e2340000)
 tenured generation   total 57208K, used 42109K [0x00000000eb150000, 0x00000000ee92e000, 0x0000000100000000)
   the space 57208K,  73% used [0x00000000eb150000, 0x00000000eda6f708, 0x00000000eda6f800, 0x00000000ee92e000)
 Metaspace       used 63284K, capacity 65674K, committed 65960K, reserved 1105920K
  class space    used 8600K, capacity 9054K, committed 9136K, reserved 1048576K
}
Event: 48.035 GC heap before
{Heap before GC invocations=87 (full 4):
 def new generation   total 25856K, used 25856K [0x00000000e0a00000, 0x00000000e2600000, 0x00000000eb150000)
  eden space 23040K, 100% used [0x00000000e0a00000, 0x00000000e2080000, 0x00000000e2080000)
  from space 2816K, 100% used [0x00000000e2340000, 0x00000000e2600000, 0x00000000e2600000)
  to   space 2816K,   0% used [0x00000000e2080000, 0x00000000e2080000, 0x00000000e2340000)
 tenured generation   total 57208K, used 42109K [0x00000000eb150000, 0x00000000ee92e000, 0x0000000100000000)
   the space 57208K,  73% used [0x00000000eb150000, 0x00000000eda6f708, 0x00000000eda6f800, 0x00000000ee92e000)
 Metaspace       used 63357K, capacity 65674K, committed 65960K, reserved 1105920K
  class space    used 8600K, capacity 9054K, committed 9136K, reserved 1048576K
Event: 48.057 GC heap after
Heap after GC invocations=88 (full 4):
 def new generation   total 25856K, used 2816K [0x00000000e0a00000, 0x00000000e2600000, 0x00000000eb150000)
  eden space 23040K,   0% used [0x00000000e0a00000, 0x00000000e0a00000, 0x00000000e2080000)
  from space 2816K, 100% used [0x00000000e2080000, 0x00000000e2340000, 0x00000000e2340000)
  to   space 2816K,   0% used [0x00000000e2340000, 0x00000000e2340000, 0x00000000e2600000)
 tenured generation   total 57208K, used 48691K [0x00000000eb150000, 0x00000000ee92e000, 0x0000000100000000)
   the space 57208K,  85% used [0x00000000eb150000, 0x00000000ee0dce10, 0x00000000ee0dd000, 0x00000000ee92e000)
 Metaspace       used 63357K, capacity 65674K, committed 65960K, reserved 1105920K
  class space    used 8600K, capacity 9054K, committed 9136K, reserved 1048576K
}
Event: 48.161 GC heap before
{Heap before GC invocations=88 (full 4):
 def new generation   total 25856K, used 25856K [0x00000000e0a00000, 0x00000000e2600000, 0x00000000eb150000)
  eden space 23040K, 100% used [0x00000000e0a00000, 0x00000000e2080000, 0x00000000e2080000)
  from space 2816K, 100% used [0x00000000e2080000, 0x00000000e2340000, 0x00000000e2340000)
  to   space 2816K,   0% used [0x00000000e2340000, 0x00000000e2340000, 0x00000000e2600000)
 tenured generation   total 57208K, used 48691K [0x00000000eb150000, 0x00000000ee92e000, 0x0000000100000000)
   the space 57208K,  85% used [0x00000000eb150000, 0x00000000ee0dce10, 0x00000000ee0dd000, 0x00000000ee92e000)
 Metaspace       used 63357K, capacity 65674K, committed 65960K, reserved 1105920K
  class space    used 8600K, capacity 9054K, committed 9136K, reserved 1048576K
Event: 48.188 GC heap after
Heap after GC invocations=89 (full 4):
 def new generation   total 25856K, used 2816K [0x00000000e0a00000, 0x00000000e2600000, 0x00000000eb150000)
  eden space 23040K,   0% used [0x00000000e0a00000, 0x00000000e0a00000, 0x00000000e2080000)
  from space 2816K, 100% used [0x00000000e2340000, 0x00000000e2600000, 0x00000000e2600000)
  to   space 2816K,   0% used [0x00000000e2080000, 0x00000000e2080000, 0x00000000e2340000)
 tenured generation   total 57208K, used 55301K [0x00000000eb150000, 0x00000000ee92e000, 0x0000000100000000)
   the space 57208K,  96% used [0x00000000eb150000, 0x00000000ee751598, 0x00000000ee751600, 0x00000000ee92e000)
 Metaspace       used 63357K, capacity 65674K, committed 65960K, reserved 1105920K
  class space    used 8600K, capacity 9054K, committed 9136K, reserved 1048576K
}
Event: 48.346 GC heap before
{Heap before GC invocations=89 (full 4):
 def new generation   total 25856K, used 25856K [0x00000000e0a00000, 0x00000000e2600000, 0x00000000eb150000)
  eden space 23040K, 100% used [0x00000000e0a00000, 0x00000000e2080000, 0x00000000e2080000)
  from space 2816K, 100% used [0x00000000e2340000, 0x00000000e2600000, 0x00000000e2600000)
  to   space 2816K,   0% used [0x00000000e2080000, 0x00000000e2080000, 0x00000000e2340000)
 tenured generation   total 57208K, used 55301K [0x00000000eb150000, 0x00000000ee92e000, 0x0000000100000000)
   the space 57208K,  96% used [0x00000000eb150000, 0x00000000ee751598, 0x00000000ee751600, 0x00000000ee92e000)
 Metaspace       used 63357K, capacity 65674K, committed 65960K, reserved 1105920K
  class space    used 8600K, capacity 9054K, committed 9136K, reserved 1048576K

